[debug] [2022-03-11T13:28:12.267Z] ----------------------------------------------------------------------
[debug] [2022-03-11T13:28:12.269Z] Command:       D:\2017\watched\nodejs\node.exe C:\Users\User\AppData\Roaming\npm\node_modules\firebase-tools\lib\bin\firebase.js init
[debug] [2022-03-11T13:28:12.270Z] CLI Version:   10.2.2
[debug] [2022-03-11T13:28:12.270Z] Platform:      win32
[debug] [2022-03-11T13:28:12.270Z] Node Version:  v16.14.0
[debug] [2022-03-11T13:28:12.271Z] Time:          Fri Mar 11 2022 16:28:12 GMT+0300 (heure normale de Moscou)
[debug] [2022-03-11T13:28:12.271Z] ----------------------------------------------------------------------
[debug] 
[debug] [2022-03-11T13:28:12.282Z] > command requires scopes: ["email","openid","https://www.googleapis.com/auth/cloudplatformprojects.readonly","https://www.googleapis.com/auth/firebase","https://www.googleapis.com/auth/cloud-platform"]
[debug] [2022-03-11T13:28:12.282Z] > authorizing via signed-in user (asidiki.keita@gmail.com)
[info] 
     ######## #### ########  ######## ########     ###     ######  ########
     ##        ##  ##     ## ##       ##     ##  ##   ##  ##       ##
     ######    ##  ########  ######   ########  #########  ######  ######
     ##        ##  ##    ##  ##       ##     ## ##     ##       ## ##
     ##       #### ##     ## ######## ########  ##     ##  ######  ########

You're about to initialize a Firebase project in this directory:

  D:\Etudes_Universitaire\4emeAnnee\Self_Learning\ubereats

[info] 
=== Project Setup
[info] 
[info] First, let's associate this project directory with a Firebase project.
[info] You can create multiple project aliases by running firebase use --add, 
[info] but for now we'll just set up a default project.
[info] 
[debug] [2022-03-11T13:28:58.807Z] >>> [apiv2][query] GET https://firebase.googleapis.com/v1beta1/projects pageSize=100
[debug] [2022-03-11T13:28:59.459Z] <<< [apiv2][status] GET https://firebase.googleapis.com/v1beta1/projects 200
[debug] [2022-03-11T13:28:59.459Z] <<< [apiv2][body] GET https://firebase.googleapis.com/v1beta1/projects [omitted]
[debug] [2022-03-11T13:40:43.140Z] Error: kill ENOSYS
    at process.kill (node:internal/process/per_thread:220:13)
    at process.listener (C:\Users\User\AppData\Roaming\npm\node_modules\firebase-tools\node_modules\signal-exit\index.js:95:15)
    at process.emit (node:events:520:28)
[error] 
[error] Error: An unexpected error has occurred.
